This is pdfTeX, Version 3.1415926-2.4-1.40.13 (TeX Live 2012/W32TeX) (format=latex 2013.2.15)  7 OCT 2013 13:10
entering extended mode
 restricted \write18 enabled.
 %&-line parsing enabled.
**fhnwreport.ins
(./fhnwreport.ins
LaTeX2e <2011/06/27>
Babel <v3.8m> and hyphenation patterns for english, dumylang, nohyphenation, ge
rman-x-2012-05-30, ngerman-x-2012-05-30, afrikaans, ancientgreek, ibycus, arabi
c, armenian, basque, bulgarian, catalan, pinyin, coptic, croatian, czech, danis
h, dutch, ukenglish, usenglishmax, esperanto, estonian, ethiopic, farsi, finnis
h, french, friulan, galician, german, ngerman, swissgerman, monogreek, greek, h
ungarian, icelandic, assamese, bengali, gujarati, hindi, kannada, malayalam, ma
rathi, oriya, panjabi, tamil, telugu, indonesian, interlingua, irish, italian, 
kurmanji, latin, latvian, lithuanian, mongolian, mongolianlmc, bokmal, nynorsk,
 polish, portuguese, romanian, romansh, russian, sanskrit, serbian, serbianc, s
lovak, slovenian, spanish, swedish, turkish, turkmen, ukrainian, uppersorbian, 
welsh, loaded.
(c:/texlive/2012/texmf-dist/tex/latex/base/docstrip.tex
\blockLevel=\count79
\emptyLines=\count80
\processedLines=\count81
\commentsRemoved=\count82
\commentsPassed=\count83
\codeLinesPassed=\count84
\TotalprocessedLines=\count85
\TotalcommentsRemoved=\count86
\TotalcommentsPassed=\count87
\TotalcodeLinesPassed=\count88
\NumberOfFiles=\count89
\inFile=\read1
\inputcheck=\read2
\off@0=\count90
\off@1=\count91
\off@2=\count92
\off@3=\count93
\off@4=\count94
\off@5=\count95
\off@6=\count96
\off@7=\count97
\off@8=\count98
\off@9=\count99
\off@10=\count100
\off@11=\count101
\off@12=\count102
\off@13=\count103
\off@14=\count104
\off@15=\count105
\@maxfiles=\count106
\@maxoutfiles=\count107

Utility: `docstrip' 2.5d <2005/07/29>
English documentation    <1999/03/31>

**********************************************************
* This program converts documented macro-files into fast *
* loadable files by stripping off (nearly) all comments! *
**********************************************************

********************************************************
* No Configuration file found, using default settings. *
********************************************************

(./fhnwreport.ins

Generating file(s) ./fhnwreport.cls 
\openout0 = `./fhnwreport.cls'.


Processing file fhnwreport.dtx -> fhnwreport.cls
% % % % % % % % % <*driver % . % . . . . . . . . . > % % % % % % % % . . % % %
. % % % % % % % % . . . . % % % % % % % % % . . . % % % % % % % % % % % % % %
% % % . . . . . . . . . . . % % % % % % % % % % % % . . . . . . . . . . . . .
. . . . . . . . . . . . . . . . . . . . % % % % % % % % % . . . . . . . . . .
. . . . . . . . . . . . . . % % % % % % % % % % % % % . % % % % % % % % % % %
. . . . . . . . . % % % % . . . . . . . . . . . . . . . . . . . . . . . . . .
. . % % % % . . . . . . . . . . . . . . . . . . . . . . . . . . . . . . . . .
. . . . % % % % % % . . . . . . . . . . . . . . . . . . % % % % % % % % % . .
. . . . . . . . . . % % % % . % % % . % % % % % % % . . % % % % % . . . . % %
% % % %
Lines  processed: 352
Comments removed: 149
Comments  passed: 0
Codelines passed: 201

) ) ) 
Here is how much of TeX's memory you used:
 308 strings out of 493489
 3183 string characters out of 3144771
 53064 words of memory out of 3000000
 3707 multiletter control sequences out of 15000+200000
 3640 words of font info for 14 fonts, out of 3000000 for 9000
 957 hyphenation exceptions out of 8191
 16i,0n,18p,207b,112s stack positions out of 5000i,500n,10000p,200000b,50000s

No pages of output.
