\BOOKMARK [1][-]{section.1}{1 Einleitung}{}% 1
\BOOKMARK [1][-]{section.2}{2 Theoretische Grundlagen}{}% 2
\BOOKMARK [2][-]{subsection.2.1}{2.1 Schrittantwort}{section.2}% 3
\BOOKMARK [3][-]{subsubsection.2.1.1}{2.1.1 \303bertragungsfunktion}{subsection.2.1}% 4
\BOOKMARK [3][-]{subsubsection.2.1.2}{2.1.2 Wendetangent}{subsection.2.1}% 5
\BOOKMARK [2][-]{subsection.2.2}{2.2 Dimensionierung mit Faustformeln}{section.2}% 6
\BOOKMARK [2][-]{subsection.2.3}{2.3 Dimensionierung mit Phasengangmethode}{section.2}% 7
\BOOKMARK [3][-]{subsubsection.2.3.1}{2.3.1 Amplitudengang der Strecke}{subsection.2.3}% 8
\BOOKMARK [3][-]{subsubsection.2.3.2}{2.3.2 Phasengang der Strecke}{subsection.2.3}% 9
\BOOKMARK [1][-]{section.3}{3 Reglertyp}{}% 10
\BOOKMARK [2][-]{subsection.3.1}{3.1 Typ-PI}{section.3}% 11
\BOOKMARK [2][-]{subsection.3.2}{3.2 Typ-PID}{section.3}% 12
\BOOKMARK [2][-]{subsection.3.3}{3.3 \303bertragungsfunktion der Regler}{section.3}% 13
\BOOKMARK [1][-]{section.4}{4 L\366sungskonzept}{}% 14
\BOOKMARK [2][-]{subsection.4.1}{4.1 Phasen- und Amplitudendiadramm}{section.4}% 15
\BOOKMARK [2][-]{subsection.4.2}{4.2 Identifikation Tu,Tg und Ks von Diagrammen}{section.4}% 16
\BOOKMARK [1][-]{section.5}{5 Java-Software}{}% 17
\BOOKMARK [2][-]{subsection.5.1}{5.1 Klassendiagramm}{section.5}% 18
\BOOKMARK [2][-]{subsection.5.2}{5.2 Beschreibung der Software}{section.5}% 19
\BOOKMARK [2][-]{subsection.5.3}{5.3 Benutzerschnittstelle}{section.5}% 20
\BOOKMARK [2][-]{subsection.5.4}{5.4 Klassen}{section.5}% 21
\BOOKMARK [3][-]{subsubsection.5.4.1}{5.4.1 GUI Klassen}{subsection.5.4}% 22
\BOOKMARK [3][-]{subsubsection.5.4.2}{5.4.2 Model Klassen}{subsection.5.4}% 23
\BOOKMARK [3][-]{subsubsection.5.4.3}{5.4.3 View Klassen}{subsection.5.4}% 24
\BOOKMARK [3][-]{subsubsection.5.4.4}{5.4.4 Controller Klassen}{subsection.5.4}% 25
\BOOKMARK [1][-]{section.6}{6 Test anhand Matlabs}{}% 26
\BOOKMARK [1][-]{section.7}{7 Schlusswort}{}% 27
\BOOKMARK [1][-]{section.8}{8 Literaturvezeichnis}{}% 28
