\BOOKMARK [1][-]{section.1}{1 Einleitung}{}% 1
\BOOKMARK [2][-]{subsection.1.1}{1.1 Schrittantwort}{section.1}% 2
\BOOKMARK [3][-]{subsubsection.1.1.1}{1.1.1 \303\234bertragungsfunktion}{subsection.1.1}% 3
\BOOKMARK [3][-]{subsubsection.1.1.2}{1.1.2 Wendetangent}{subsection.1.1}% 4
\BOOKMARK [2][-]{subsection.1.2}{1.2 Dimensionierung mit Faustformeln}{section.1}% 5
\BOOKMARK [2][-]{subsection.1.3}{1.3 Dimensionierung mit Phasengangmethode}{section.1}% 6
\BOOKMARK [3][-]{subsubsection.1.3.1}{1.3.1 Amplitudengang der Strecke}{subsection.1.3}% 7
\BOOKMARK [3][-]{subsubsection.1.3.2}{1.3.2 Phasengang der Strecke}{subsection.1.3}% 8
\BOOKMARK [1][-]{section.2}{2 Reglertyp}{}% 9
\BOOKMARK [2][-]{subsection.2.1}{2.1 Typ-PI}{section.2}% 10
\BOOKMARK [2][-]{subsection.2.2}{2.2 Typ-PID}{section.2}% 11
\BOOKMARK [2][-]{subsection.2.3}{2.3 \303\234bertragungsfunktion der Regler}{section.2}% 12
\BOOKMARK [1][-]{section.3}{3 L\303\266sungskonzept}{}% 13
\BOOKMARK [2][-]{subsection.3.1}{3.1 Phasen- und Amplitudendiadramm}{section.3}% 14
\BOOKMARK [2][-]{subsection.3.2}{3.2 Identifikation Tu,Tg und Ks von Diagrammen}{section.3}% 15
\BOOKMARK [1][-]{section.4}{4 Java Software}{}% 16
\BOOKMARK [2][-]{subsection.4.1}{4.1 Klassendiagramm}{section.4}% 17
\BOOKMARK [2][-]{subsection.4.2}{4.2 Beschreibung der Software}{section.4}% 18
\BOOKMARK [2][-]{subsection.4.3}{4.3 Benutzerschnittstelle}{section.4}% 19
\BOOKMARK [2][-]{subsection.4.4}{4.4 Klassen}{section.4}% 20
\BOOKMARK [3][-]{subsubsection.4.4.1}{4.4.1 GUI Klassen}{subsection.4.4}% 21
\BOOKMARK [3][-]{subsubsection.4.4.2}{4.4.2 Model Klassen}{subsection.4.4}% 22
\BOOKMARK [3][-]{subsubsection.4.4.3}{4.4.3 View Klassen}{subsection.4.4}% 23
\BOOKMARK [3][-]{subsubsection.4.4.4}{4.4.4 Controller Klassen}{subsection.4.4}% 24
\BOOKMARK [1][-]{section.5}{5 Test Matlabs}{}% 25
\BOOKMARK [2][-]{subsection.5.1}{5.1 Schrittantwort}{section.5}% 26
\BOOKMARK [3][-]{subsubsection.5.1.1}{5.1.1 \303\234bertragungsfunktion}{subsection.5.1}% 27
\BOOKMARK [3][-]{subsubsection.5.1.2}{5.1.2 Wendetangent}{subsection.5.1}% 28
\BOOKMARK [2][-]{subsection.5.2}{5.2 Dimensionierung mit Faustformeln}{section.5}% 29
\BOOKMARK [2][-]{subsection.5.3}{5.3 Dimensionierung mit Phasengangmethode}{section.5}% 30
\BOOKMARK [3][-]{subsubsection.5.3.1}{5.3.1 Amplitudengang der Strecke}{subsection.5.3}% 31
\BOOKMARK [3][-]{subsubsection.5.3.2}{5.3.2 Phasengang der Strecke}{subsection.5.3}% 32
\BOOKMARK [1][-]{section.6}{6 Schlusswort}{}% 33
\BOOKMARK [2][-]{subsection.6.1}{6.1 Schrittantwort}{section.6}% 34
\BOOKMARK [3][-]{subsubsection.6.1.1}{6.1.1 \303\234bertragungsfunktion}{subsection.6.1}% 35
\BOOKMARK [3][-]{subsubsection.6.1.2}{6.1.2 Wendetangent}{subsection.6.1}% 36
\BOOKMARK [2][-]{subsection.6.2}{6.2 Dimensionierung mit Faustformeln}{section.6}% 37
\BOOKMARK [2][-]{subsection.6.3}{6.3 Dimensionierung mit Phasengangmethode}{section.6}% 38
\BOOKMARK [3][-]{subsubsection.6.3.1}{6.3.1 Amplitudengang der Strecke}{subsection.6.3}% 39
\BOOKMARK [3][-]{subsubsection.6.3.2}{6.3.2 Phasengang der Strecke}{subsection.6.3}% 40
\BOOKMARK [1][-]{section.7}{7 Literaturvezeichnis}{}% 41
