\BOOKMARK [1][-]{section.1}{1 Einleitung}{}% 1
\BOOKMARK [1][-]{section.2}{2 Reglertyp}{}% 2
\BOOKMARK [2][-]{subsection.2.1}{2.1 Typ-PI}{section.2}% 3
\BOOKMARK [2][-]{subsection.2.2}{2.2 Typ-PID}{section.2}% 4
\BOOKMARK [2][-]{subsection.2.3}{2.3 \334bertragungsfunktion der Regler}{section.2}% 5
\BOOKMARK [1][-]{section.3}{3 L\366sungskonzept}{}% 6
\BOOKMARK [2][-]{subsection.3.1}{3.1 Phasen- und Amplitudendiadramm}{section.3}% 7
\BOOKMARK [2][-]{subsection.3.2}{3.2 Identifikation Tu,Tg und Ks von Diagrammen}{section.3}% 8
\BOOKMARK [1][-]{section.4}{4 Java Software}{}% 9
\BOOKMARK [2][-]{subsection.4.1}{4.1 Klassendiagramm}{section.4}% 10
\BOOKMARK [2][-]{subsection.4.2}{4.2 Beschreibung der Software}{section.4}% 11
\BOOKMARK [2][-]{subsection.4.3}{4.3 Benutzerschnittstelle}{section.4}% 12
\BOOKMARK [2][-]{subsection.4.4}{4.4 Klassen}{section.4}% 13
\BOOKMARK [3][-]{subsubsection.4.4.1}{4.4.1 GUI Klassen}{subsection.4.4}% 14
\BOOKMARK [3][-]{subsubsection.4.4.2}{4.4.2 Model Klassen}{subsection.4.4}% 15
\BOOKMARK [3][-]{subsubsection.4.4.3}{4.4.3 View Klassen}{subsection.4.4}% 16
\BOOKMARK [3][-]{subsubsection.4.4.4}{4.4.4 Controller Klassen}{subsection.4.4}% 17
\BOOKMARK [1][-]{section.5}{5 Test Matlabs}{}% 18
\BOOKMARK [2][-]{subsection.5.1}{5.1 Schrittantwort}{section.5}% 19
\BOOKMARK [3][-]{subsubsection.5.1.1}{5.1.1 \334bertragungsfunktion}{subsection.5.1}% 20
\BOOKMARK [3][-]{subsubsection.5.1.2}{5.1.2 Wendetangent}{subsection.5.1}% 21
\BOOKMARK [2][-]{subsection.5.2}{5.2 Dimensionierung mit Faustformeln}{section.5}% 22
\BOOKMARK [2][-]{subsection.5.3}{5.3 Dimensionierung mit Phasengangmethode}{section.5}% 23
\BOOKMARK [3][-]{subsubsection.5.3.1}{5.3.1 Amplitudengang der Strecke}{subsection.5.3}% 24
\BOOKMARK [3][-]{subsubsection.5.3.2}{5.3.2 Phasengang der Strecke}{subsection.5.3}% 25
\BOOKMARK [1][-]{section.6}{6 Schlusswort}{}% 26
\BOOKMARK [2][-]{subsection.6.1}{6.1 Schrittantwort}{section.6}% 27
\BOOKMARK [3][-]{subsubsection.6.1.1}{6.1.1 \334bertragungsfunktion}{subsection.6.1}% 28
\BOOKMARK [3][-]{subsubsection.6.1.2}{6.1.2 Wendetangent}{subsection.6.1}% 29
\BOOKMARK [2][-]{subsection.6.2}{6.2 Dimensionierung mit Faustformeln}{section.6}% 30
\BOOKMARK [2][-]{subsection.6.3}{6.3 Dimensionierung mit Phasengangmethode}{section.6}% 31
\BOOKMARK [3][-]{subsubsection.6.3.1}{6.3.1 Amplitudengang der Strecke}{subsection.6.3}% 32
\BOOKMARK [3][-]{subsubsection.6.3.2}{6.3.2 Phasengang der Strecke}{subsection.6.3}% 33
\BOOKMARK [1][-]{section.7}{7 Literaturverzeichnis}{}% 34
